<?xml version="1.0" encoding="UTF-8"?>
<testng-results skipped="0" failed="0" total="1" passed="1">
  <reporter-output>
  </reporter-output>
  <suite name="Surefire suite" duration-ms="14971" started-at="2016-11-05T03:43:50Z" finished-at="2016-11-05T03:44:05Z">
    <groups>
    </groups>
    <test name="Surefire test" duration-ms="14971" started-at="2016-11-05T03:43:50Z" finished-at="2016-11-05T03:44:05Z">
      <class name="com.OrangeHRMS.Admin.DemoTest">
        <test-method status="PASS" signature="beforeClass()[pri:0, instance:com.OrangeHRMS.Admin.DemoTest@3796751b]" name="beforeClass" is-config="true" duration-ms="11364" started-at="2016-11-05T09:13:50Z" finished-at="2016-11-05T09:14:02Z">
          <reporter-output>
          </reporter-output>
        </test-method> <!-- beforeClass -->
        <test-method status="PASS" signature="f()[pri:0, instance:com.OrangeHRMS.Admin.DemoTest@3796751b]" name="f" duration-ms="3122" started-at="2016-11-05T09:14:02Z" finished-at="2016-11-05T09:14:05Z">
          <reporter-output>
          </reporter-output>
        </test-method> <!-- f -->
        <test-method status="PASS" signature="afterClass()[pri:0, instance:com.OrangeHRMS.Admin.DemoTest@3796751b]" name="afterClass" is-config="true" duration-ms="463" started-at="2016-11-05T09:14:05Z" finished-at="2016-11-05T09:14:05Z">
          <reporter-output>
          </reporter-output>
        </test-method> <!-- afterClass -->
      </class> <!-- com.OrangeHRMS.Admin.DemoTest -->
    </test> <!-- Surefire test -->
  </suite> <!-- Surefire suite -->
</testng-results>
